2017-01-01 16:50:05,429 DEBUG [ContainerBackgroundProcessor[StandardEngine[Tomcat]]] o.a.c.s.ManagerBase [DirectJDKLog.java:179] Start expire sessions StandardManager at 1483260605429 sessioncount 0
2017-01-01 16:50:05,546 DEBUG [ContainerBackgroundProcessor[StandardEngine[Tomcat]]] o.a.c.s.ManagerBase [DirectJDKLog.java:179] End expire sessions StandardManager processingTime 117 expired sessions: 0
2017-01-01 16:50:16,698 INFO [main] c.e.SpringBootRedisApplicationTests [StartupInfoLogger.java:48] Starting SpringBootRedisApplicationTests on HS-PC with PID 15468 (started by HS in C:\Users\HS\Documents\workspace-sts-3.7.3.RELEASE\spring-boot\spring-boot-redis)
2017-01-01 16:50:16,706 DEBUG [main] c.e.SpringBootRedisApplicationTests [StartupInfoLogger.java:51] Running with Spring Boot v1.4.3.RELEASE, Spring v4.3.5.RELEASE
2017-01-01 16:50:16,708 INFO [main] c.e.SpringBootRedisApplicationTests [SpringApplication.java:661] No active profile set, falling back to default profiles: default
2017-01-01 16:50:16,927 INFO [main] o.s.w.c.s.GenericWebApplicationContext [AbstractApplicationContext.java:582] Refreshing org.springframework.web.context.support.GenericWebApplicationContext@28194a50: startup date [Sun Jan 01 16:50:16 CST 2017]; root of context hierarchy
2017-01-01 16:50:20,764 INFO [main] o.s.d.r.c.RepositoryConfigurationDelegate [RepositoryConfigurationDelegate.java:170] Multiple Spring Data modules found, entering strict repository configuration mode!
2017-01-01 16:50:21,079 INFO [main] o.s.d.r.c.RepositoryConfigurationDelegate [RepositoryConfigurationDelegate.java:170] Multiple Spring Data modules found, entering strict repository configuration mode!
2017-01-01 16:50:21,125 INFO [main] o.s.d.r.c.RepositoryConfigurationExtensionSupport [RepositoryConfigurationExtensionSupport.java:283] Spring Data Redis - Could not safely identify store assignment for repository candidate interface com.example.repository.BookRepository.
2017-01-01 16:50:22,333 INFO [main] o.s.c.s.PostProcessorRegistrationDelegate$BeanPostProcessorChecker [PostProcessorRegistrationDelegate.java:325] Bean 'org.springframework.cache.annotation.ProxyCachingConfiguration' of type [class org.springframework.cache.annotation.ProxyCachingConfiguration$$EnhancerBySpringCGLIB$$5666c3d2] is not eligible for getting processed by all BeanPostProcessors (for example: not eligible for auto-proxying)
2017-01-01 16:50:22,455 INFO [main] o.s.c.s.PostProcessorRegistrationDelegate$BeanPostProcessorChecker [PostProcessorRegistrationDelegate.java:325] Bean 'org.springframework.transaction.annotation.ProxyTransactionManagementConfiguration' of type [class org.springframework.transaction.annotation.ProxyTransactionManagementConfiguration$$EnhancerBySpringCGLIB$$d548db4] is not eligible for getting processed by all BeanPostProcessors (for example: not eligible for auto-proxying)
2017-01-01 16:50:24,051 INFO [main] o.s.o.j.LocalContainerEntityManagerFactoryBean [LocalContainerEntityManagerFactoryBean.java:349] Building JPA container EntityManagerFactory for persistence unit 'default'
2017-01-01 16:50:24,157 INFO [main] o.h.j.i.u.LogHelper [LogHelper.java:31] HHH000204: Processing PersistenceUnitInfo [
	name: default
	...]
2017-01-01 16:50:24,473 INFO [main] o.h.Version [Version.java:37] HHH000412: Hibernate Core {5.0.11.Final}
2017-01-01 16:50:24,490 INFO [main] o.h.c.Environment [Environment.java:213] HHH000206: hibernate.properties not found
2017-01-01 16:50:24,503 INFO [main] o.h.c.Environment [Environment.java:317] HHH000021: Bytecode provider name : javassist
2017-01-01 16:50:24,700 INFO [main] o.h.a.c.Version [JavaReflectionManager.java:66] HCANN000001: Hibernate Commons Annotations {5.0.1.Final}
2017-01-01 16:50:25,119 INFO [main] o.h.d.Dialect [Dialect.java:156] HHH000400: Using dialect: org.hibernate.dialect.H2Dialect
2017-01-01 16:50:28,005 INFO [main] o.h.t.h.SchemaExport [SchemaExport.java:400] HHH000227: Running hbm2ddl schema export
2017-01-01 16:50:28,056 INFO [main] o.h.t.h.SchemaExport [SchemaExport.java:464] HHH000230: Schema export complete
2017-01-01 16:50:28,226 INFO [main] o.s.o.j.LocalContainerEntityManagerFactoryBean [AbstractEntityManagerFactoryBean.java:382] Initialized JPA EntityManagerFactory for persistence unit 'default'
2017-01-01 16:50:31,584 INFO [main] o.s.w.s.m.m.a.RequestMappingHandlerAdapter [RequestMappingHandlerAdapter.java:534] Looking for @ControllerAdvice: org.springframework.web.context.support.GenericWebApplicationContext@28194a50: startup date [Sun Jan 01 16:50:16 CST 2017]; root of context hierarchy
2017-01-01 16:50:31,779 INFO [main] o.s.w.s.m.m.a.RequestMappingHandlerMapping [AbstractHandlerMethodMapping.java:543] Mapped "{[/book/cache/clear],methods=[POST]}" onto public org.springframework.http.ResponseEntity<java.lang.String> com.example.controller.BookRestController.clearCache()
2017-01-01 16:50:31,783 INFO [main] o.s.w.s.m.m.a.RequestMappingHandlerMapping [AbstractHandlerMethodMapping.java:543] Mapped "{[/book],methods=[GET]}" onto public org.springframework.http.ResponseEntity<java.util.List<com.example.domain.Book>> com.example.controller.BookRestController.findAll()
2017-01-01 16:50:31,785 INFO [main] o.s.w.s.m.m.a.RequestMappingHandlerMapping [AbstractHandlerMethodMapping.java:543] Mapped "{[/book],methods=[POST]}" onto public org.springframework.http.ResponseEntity<com.example.domain.Book> com.example.controller.BookRestController.addBook(com.example.domain.Book)
2017-01-01 16:50:31,787 INFO [main] o.s.w.s.m.m.a.RequestMappingHandlerMapping [AbstractHandlerMethodMapping.java:543] Mapped "{[/book/{author}],methods=[POST]}" onto public org.springframework.http.ResponseEntity<java.util.List<com.example.domain.Book>> com.example.controller.BookRestController.findBookByAuthor(java.lang.String)
2017-01-01 16:50:31,792 INFO [main] o.s.w.s.m.m.a.RequestMappingHandlerMapping [AbstractHandlerMethodMapping.java:543] Mapped "{[/error]}" onto public org.springframework.http.ResponseEntity<java.util.Map<java.lang.String, java.lang.Object>> org.springframework.boot.autoconfigure.web.BasicErrorController.error(javax.servlet.http.HttpServletRequest)
2017-01-01 16:50:31,794 INFO [main] o.s.w.s.m.m.a.RequestMappingHandlerMapping [AbstractHandlerMethodMapping.java:543] Mapped "{[/error],produces=[text/html]}" onto public org.springframework.web.servlet.ModelAndView org.springframework.boot.autoconfigure.web.BasicErrorController.errorHtml(javax.servlet.http.HttpServletRequest,javax.servlet.http.HttpServletResponse)
2017-01-01 16:50:31,891 INFO [main] o.s.w.s.h.SimpleUrlHandlerMapping [AbstractUrlHandlerMapping.java:354] Mapped URL path [/webjars/**] onto handler of type [class org.springframework.web.servlet.resource.ResourceHttpRequestHandler]
2017-01-01 16:50:31,893 INFO [main] o.s.w.s.h.SimpleUrlHandlerMapping [AbstractUrlHandlerMapping.java:354] Mapped URL path [/**] onto handler of type [class org.springframework.web.servlet.resource.ResourceHttpRequestHandler]
2017-01-01 16:50:31,998 INFO [main] o.s.w.s.h.SimpleUrlHandlerMapping [AbstractUrlHandlerMapping.java:354] Mapped URL path [/**/favicon.ico] onto handler of type [class org.springframework.web.servlet.resource.ResourceHttpRequestHandler]
2017-01-01 16:50:33,238 INFO [main] c.e.s.BookServiceImpl [BookServiceImpl.java:30] #Cache missing for Kevin Henkes ,  fetch from DB
2017-01-01 16:50:33,286 INFO [main] o.h.h.i.QueryTranslatorFactoryInitiator [QueryTranslatorFactoryInitiator.java:47] HHH000397: Using ASTQueryTranslatorFactory
2017-01-01 16:50:33,895 INFO [main] c.e.SpringBootRedisApplication [SpringBootRedisApplication.java:52] #Book written by Kevin Henkes [Book [id=1, name=Waiting, author=Kevin Henkes]]
2017-01-01 16:50:33,957 INFO [main] c.e.SpringBootRedisApplication [SpringBootRedisApplication.java:55] #Deleting book Kevin Henkes
2017-01-01 16:50:33,966 INFO [main] c.e.s.BookServiceImpl [BookServiceImpl.java:51] #Cache missing, fetch from DB
2017-01-01 16:50:34,011 INFO [main] c.e.SpringBootRedisApplication [SpringBootRedisApplication.java:65] #Fetching book id 9999 Book [id=9999, name=Waiting, author=Kevin Henkes]
2017-01-01 16:50:34,015 INFO [main] c.e.SpringBootRedisApplicationTests [StartupInfoLogger.java:57] Started SpringBootRedisApplicationTests in 19.611 seconds (JVM running for 22.195)
2017-01-01 16:50:34,148 INFO [Thread-4] o.s.w.c.s.GenericWebApplicationContext [AbstractApplicationContext.java:987] Closing org.springframework.web.context.support.GenericWebApplicationContext@28194a50: startup date [Sun Jan 01 16:50:16 CST 2017]; root of context hierarchy
2017-01-01 16:50:34,168 INFO [Thread-4] o.s.o.j.LocalContainerEntityManagerFactoryBean [AbstractEntityManagerFactoryBean.java:551] Closing JPA EntityManagerFactory for persistence unit 'default'
2017-01-01 16:50:34,170 INFO [Thread-4] o.h.t.h.SchemaExport [SchemaExport.java:400] HHH000227: Running hbm2ddl schema export
2017-01-01 16:50:34,191 INFO [Thread-4] o.h.t.h.SchemaExport [SchemaExport.java:464] HHH000230: Schema export complete
2017-01-01 16:53:05,550 DEBUG [ContainerBackgroundProcessor[StandardEngine[Tomcat]]] o.a.c.s.ManagerBase [DirectJDKLog.java:179] Start expire sessions StandardManager at 1483260785550 sessioncount 0
2017-01-01 16:53:05,553 DEBUG [ContainerBackgroundProcessor[StandardEngine[Tomcat]]] o.a.c.s.ManagerBase [DirectJDKLog.java:179] End expire sessions StandardManager processingTime 3 expired sessions: 0
2017-01-01 16:56:05,556 DEBUG [ContainerBackgroundProcessor[StandardEngine[Tomcat]]] o.a.c.s.ManagerBase [DirectJDKLog.java:179] Start expire sessions StandardManager at 1483260965556 sessioncount 0
2017-01-01 16:56:05,558 DEBUG [ContainerBackgroundProcessor[StandardEngine[Tomcat]]] o.a.c.s.ManagerBase [DirectJDKLog.java:179] End expire sessions StandardManager processingTime 2 expired sessions: 0
2017-01-01 16:59:05,563 DEBUG [ContainerBackgroundProcessor[StandardEngine[Tomcat]]] o.a.c.s.ManagerBase [DirectJDKLog.java:179] Start expire sessions StandardManager at 1483261145563 sessioncount 0
2017-01-01 16:59:05,565 DEBUG [ContainerBackgroundProcessor[StandardEngine[Tomcat]]] o.a.c.s.ManagerBase [DirectJDKLog.java:179] End expire sessions StandardManager processingTime 2 expired sessions: 0
2017-01-01 17:02:05,569 DEBUG [ContainerBackgroundProcessor[StandardEngine[Tomcat]]] o.a.c.s.ManagerBase [DirectJDKLog.java:179] Start expire sessions StandardManager at 1483261325569 sessioncount 0
2017-01-01 17:02:05,572 DEBUG [ContainerBackgroundProcessor[StandardEngine[Tomcat]]] o.a.c.s.ManagerBase [DirectJDKLog.java:179] End expire sessions StandardManager processingTime 3 expired sessions: 0
2017-01-01 17:05:05,576 DEBUG [ContainerBackgroundProcessor[StandardEngine[Tomcat]]] o.a.c.s.ManagerBase [DirectJDKLog.java:179] Start expire sessions StandardManager at 1483261505576 sessioncount 0
2017-01-01 17:05:05,578 DEBUG [ContainerBackgroundProcessor[StandardEngine[Tomcat]]] o.a.c.s.ManagerBase [DirectJDKLog.java:179] End expire sessions StandardManager processingTime 2 expired sessions: 0
2017-01-01 17:08:05,582 DEBUG [ContainerBackgroundProcessor[StandardEngine[Tomcat]]] o.a.c.s.ManagerBase [DirectJDKLog.java:179] Start expire sessions StandardManager at 1483261685582 sessioncount 0
2017-01-01 17:08:05,584 DEBUG [ContainerBackgroundProcessor[StandardEngine[Tomcat]]] o.a.c.s.ManagerBase [DirectJDKLog.java:179] End expire sessions StandardManager processingTime 2 expired sessions: 0
2017-01-01 17:11:05,596 DEBUG [ContainerBackgroundProcessor[StandardEngine[Tomcat]]] o.a.c.s.ManagerBase [DirectJDKLog.java:179] Start expire sessions StandardManager at 1483261865595 sessioncount 0
2017-01-01 17:11:05,599 DEBUG [ContainerBackgroundProcessor[StandardEngine[Tomcat]]] o.a.c.s.ManagerBase [DirectJDKLog.java:179] End expire sessions StandardManager processingTime 4 expired sessions: 0
2017-01-01 17:12:44,212 INFO [main] c.e.SpringBootRedisApplication [StartupInfoLogger.java:48] Starting SpringBootRedisApplication on HS-PC with PID 4020 (C:\Users\HS\Documents\workspace-sts-3.7.3.RELEASE\spring-boot\spring-boot-redis\target\classes started by HS in C:\Users\HS\Documents\workspace-sts-3.7.3.RELEASE\spring-boot\spring-boot-redis)
2017-01-01 17:12:44,226 DEBUG [main] c.e.SpringBootRedisApplication [StartupInfoLogger.java:51] Running with Spring Boot v1.4.3.RELEASE, Spring v4.3.5.RELEASE
2017-01-01 17:12:44,227 INFO [main] c.e.SpringBootRedisApplication [SpringApplication.java:661] No active profile set, falling back to default profiles: default
2017-01-01 17:12:44,490 INFO [main] o.s.b.c.e.AnnotationConfigEmbeddedWebApplicationContext [AbstractApplicationContext.java:582] Refreshing org.springframework.boot.context.embedded.AnnotationConfigEmbeddedWebApplicationContext@38afe297: startup date [Sun Jan 01 17:12:44 CST 2017]; root of context hierarchy
2017-01-01 17:12:47,768 INFO [main] o.s.d.r.c.RepositoryConfigurationDelegate [RepositoryConfigurationDelegate.java:170] Multiple Spring Data modules found, entering strict repository configuration mode!
2017-01-01 17:12:47,986 INFO [main] o.s.d.r.c.RepositoryConfigurationDelegate [RepositoryConfigurationDelegate.java:170] Multiple Spring Data modules found, entering strict repository configuration mode!
2017-01-01 17:12:48,034 INFO [main] o.s.d.r.c.RepositoryConfigurationExtensionSupport [RepositoryConfigurationExtensionSupport.java:283] Spring Data Redis - Could not safely identify store assignment for repository candidate interface com.example.repository.BookRepository.
2017-01-01 17:12:49,033 INFO [main] o.s.c.s.PostProcessorRegistrationDelegate$BeanPostProcessorChecker [PostProcessorRegistrationDelegate.java:325] Bean 'org.springframework.cache.annotation.ProxyCachingConfiguration' of type [class org.springframework.cache.annotation.ProxyCachingConfiguration$$EnhancerBySpringCGLIB$$6bec70d6] is not eligible for getting processed by all BeanPostProcessors (for example: not eligible for auto-proxying)
2017-01-01 17:12:49,138 INFO [main] o.s.c.s.PostProcessorRegistrationDelegate$BeanPostProcessorChecker [PostProcessorRegistrationDelegate.java:325] Bean 'org.springframework.transaction.annotation.ProxyTransactionManagementConfiguration' of type [class org.springframework.transaction.annotation.ProxyTransactionManagementConfiguration$$EnhancerBySpringCGLIB$$22da3ab8] is not eligible for getting processed by all BeanPostProcessors (for example: not eligible for auto-proxying)
2017-01-01 17:12:50,367 INFO [main] o.s.b.c.e.t.TomcatEmbeddedServletContainer [TomcatEmbeddedServletContainer.java:87] Tomcat initialized with port(s): 8080 (http)
2017-01-01 17:12:50,395 INFO [main] o.a.c.c.StandardService [DirectJDKLog.java:179] Starting service Tomcat
2017-01-01 17:12:50,399 INFO [main] o.a.c.c.StandardEngine [DirectJDKLog.java:179] Starting Servlet Engine: Apache Tomcat/8.5.6
2017-01-01 17:12:50,665 INFO [localhost-startStop-1] o.a.c.c.C.[.[.[/] [DirectJDKLog.java:179] Initializing Spring embedded WebApplicationContext
2017-01-01 17:12:50,667 INFO [localhost-startStop-1] o.s.w.c.ContextLoader [EmbeddedWebApplicationContext.java:276] Root WebApplicationContext: initialization completed in 6186 ms
2017-01-01 17:12:51,190 INFO [localhost-startStop-1] o.s.b.w.s.ServletRegistrationBean [ServletRegistrationBean.java:190] Mapping servlet: 'dispatcherServlet' to [/]
2017-01-01 17:12:51,209 INFO [localhost-startStop-1] o.s.b.w.s.FilterRegistrationBean [AbstractFilterRegistrationBean.java:258] Mapping filter: 'characterEncodingFilter' to: [/*]
2017-01-01 17:12:51,211 INFO [localhost-startStop-1] o.s.b.w.s.FilterRegistrationBean [AbstractFilterRegistrationBean.java:258] Mapping filter: 'hiddenHttpMethodFilter' to: [/*]
2017-01-01 17:12:51,213 INFO [localhost-startStop-1] o.s.b.w.s.FilterRegistrationBean [AbstractFilterRegistrationBean.java:258] Mapping filter: 'httpPutFormContentFilter' to: [/*]
2017-01-01 17:12:51,214 INFO [localhost-startStop-1] o.s.b.w.s.FilterRegistrationBean [AbstractFilterRegistrationBean.java:258] Mapping filter: 'requestContextFilter' to: [/*]
2017-01-01 17:12:52,164 INFO [main] o.s.o.j.LocalContainerEntityManagerFactoryBean [LocalContainerEntityManagerFactoryBean.java:349] Building JPA container EntityManagerFactory for persistence unit 'default'
2017-01-01 17:12:52,201 INFO [main] o.h.j.i.u.LogHelper [LogHelper.java:31] HHH000204: Processing PersistenceUnitInfo [
	name: default
	...]
2017-01-01 17:12:52,878 INFO [main] o.h.Version [Version.java:37] HHH000412: Hibernate Core {5.0.11.Final}
2017-01-01 17:12:52,883 INFO [main] o.h.c.Environment [Environment.java:213] HHH000206: hibernate.properties not found
2017-01-01 17:12:52,890 INFO [main] o.h.c.Environment [Environment.java:317] HHH000021: Bytecode provider name : javassist
2017-01-01 17:12:53,064 INFO [main] o.h.a.c.Version [JavaReflectionManager.java:66] HCANN000001: Hibernate Commons Annotations {5.0.1.Final}
2017-01-01 17:12:53,625 INFO [main] o.h.d.Dialect [Dialect.java:156] HHH000400: Using dialect: org.hibernate.dialect.H2Dialect
2017-01-01 17:12:55,283 INFO [main] o.h.t.h.SchemaExport [SchemaExport.java:400] HHH000227: Running hbm2ddl schema export
2017-01-01 17:12:55,321 INFO [main] o.h.t.h.SchemaExport [SchemaExport.java:464] HHH000230: Schema export complete
2017-01-01 17:12:55,462 INFO [main] o.s.o.j.LocalContainerEntityManagerFactoryBean [AbstractEntityManagerFactoryBean.java:382] Initialized JPA EntityManagerFactory for persistence unit 'default'
2017-01-01 17:12:57,410 INFO [main] o.s.w.s.m.m.a.RequestMappingHandlerAdapter [RequestMappingHandlerAdapter.java:534] Looking for @ControllerAdvice: org.springframework.boot.context.embedded.AnnotationConfigEmbeddedWebApplicationContext@38afe297: startup date [Sun Jan 01 17:12:44 CST 2017]; root of context hierarchy
2017-01-01 17:12:57,638 INFO [main] o.s.w.s.m.m.a.RequestMappingHandlerMapping [AbstractHandlerMethodMapping.java:543] Mapped "{[/book/cache/clear],methods=[POST]}" onto public org.springframework.http.ResponseEntity<java.lang.String> com.example.controller.BookRestController.clearCache()
2017-01-01 17:12:57,640 INFO [main] o.s.w.s.m.m.a.RequestMappingHandlerMapping [AbstractHandlerMethodMapping.java:543] Mapped "{[/book],methods=[GET]}" onto public org.springframework.http.ResponseEntity<java.util.List<com.example.domain.Book>> com.example.controller.BookRestController.findAll()
2017-01-01 17:12:57,642 INFO [main] o.s.w.s.m.m.a.RequestMappingHandlerMapping [AbstractHandlerMethodMapping.java:543] Mapped "{[/book/{author}],methods=[POST]}" onto public org.springframework.http.ResponseEntity<java.util.List<com.example.domain.Book>> com.example.controller.BookRestController.findBookByAuthor(java.lang.String)
2017-01-01 17:12:57,644 INFO [main] o.s.w.s.m.m.a.RequestMappingHandlerMapping [AbstractHandlerMethodMapping.java:543] Mapped "{[/book],methods=[POST]}" onto public org.springframework.http.ResponseEntity<com.example.domain.Book> com.example.controller.BookRestController.addBook(com.example.domain.Book)
2017-01-01 17:12:57,649 INFO [main] o.s.w.s.m.m.a.RequestMappingHandlerMapping [AbstractHandlerMethodMapping.java:543] Mapped "{[/error]}" onto public org.springframework.http.ResponseEntity<java.util.Map<java.lang.String, java.lang.Object>> org.springframework.boot.autoconfigure.web.BasicErrorController.error(javax.servlet.http.HttpServletRequest)
2017-01-01 17:12:57,651 INFO [main] o.s.w.s.m.m.a.RequestMappingHandlerMapping [AbstractHandlerMethodMapping.java:543] Mapped "{[/error],produces=[text/html]}" onto public org.springframework.web.servlet.ModelAndView org.springframework.boot.autoconfigure.web.BasicErrorController.errorHtml(javax.servlet.http.HttpServletRequest,javax.servlet.http.HttpServletResponse)
2017-01-01 17:12:57,737 INFO [main] o.s.w.s.h.SimpleUrlHandlerMapping [AbstractUrlHandlerMapping.java:354] Mapped URL path [/webjars/**] onto handler of type [class org.springframework.web.servlet.resource.ResourceHttpRequestHandler]
2017-01-01 17:12:57,738 INFO [main] o.s.w.s.h.SimpleUrlHandlerMapping [AbstractUrlHandlerMapping.java:354] Mapped URL path [/**] onto handler of type [class org.springframework.web.servlet.resource.ResourceHttpRequestHandler]
2017-01-01 17:12:57,883 INFO [main] o.s.w.s.h.SimpleUrlHandlerMapping [AbstractUrlHandlerMapping.java:354] Mapped URL path [/**/favicon.ico] onto handler of type [class org.springframework.web.servlet.resource.ResourceHttpRequestHandler]
2017-01-01 17:12:58,678 INFO [main] o.s.j.e.a.AnnotationMBeanExporter [MBeanExporter.java:431] Registering beans for JMX exposure on startup
2017-01-01 17:12:58,761 ERROR [main] o.a.c.h.Http11NioProtocol [DirectJDKLog.java:181] Failed to start end point associated with ProtocolHandler [http-nio-8080]
java.net.BindException: Address already in use: bind
	at sun.nio.ch.Net.bind0(Native Method)
	at sun.nio.ch.Net.bind(Net.java:433)
	at sun.nio.ch.Net.bind(Net.java:425)
	at sun.nio.ch.ServerSocketChannelImpl.bind(ServerSocketChannelImpl.java:223)
	at sun.nio.ch.ServerSocketAdaptor.bind(ServerSocketAdaptor.java:74)
	at org.apache.tomcat.util.net.NioEndpoint.bind(NioEndpoint.java:228)
	at org.apache.tomcat.util.net.AbstractEndpoint.start(AbstractEndpoint.java:874)
	at org.apache.coyote.AbstractProtocol.start(AbstractProtocol.java:590)
	at org.apache.catalina.connector.Connector.startInternal(Connector.java:969)
	at org.apache.catalina.util.LifecycleBase.start(LifecycleBase.java:150)
	at org.apache.catalina.core.StandardService.addConnector(StandardService.java:225)
	at org.springframework.boot.context.embedded.tomcat.TomcatEmbeddedServletContainer.addPreviouslyRemovedConnectors(TomcatEmbeddedServletContainer.java:233)
	at org.springframework.boot.context.embedded.tomcat.TomcatEmbeddedServletContainer.start(TomcatEmbeddedServletContainer.java:178)
	at org.springframework.boot.context.embedded.EmbeddedWebApplicationContext.startEmbeddedServletContainer(EmbeddedWebApplicationContext.java:297)
	at org.springframework.boot.context.embedded.EmbeddedWebApplicationContext.finishRefresh(EmbeddedWebApplicationContext.java:145)
	at org.springframework.context.support.AbstractApplicationContext.refresh(AbstractApplicationContext.java:545)
	at org.springframework.boot.context.embedded.EmbeddedWebApplicationContext.refresh(EmbeddedWebApplicationContext.java:122)
	at org.springframework.boot.SpringApplication.refresh(SpringApplication.java:761)
	at org.springframework.boot.SpringApplication.refreshContext(SpringApplication.java:371)
	at org.springframework.boot.SpringApplication.run(SpringApplication.java:315)
	at org.springframework.boot.SpringApplication.run(SpringApplication.java:1186)
	at org.springframework.boot.SpringApplication.run(SpringApplication.java:1175)
	at com.example.SpringBootRedisApplication.main(SpringBootRedisApplication.java:34)
2017-01-01 17:12:58,766 ERROR [main] o.a.c.c.StandardService [DirectJDKLog.java:181] Failed to start connector [Connector[HTTP/1.1-8080]]
org.apache.catalina.LifecycleException: Failed to start component [Connector[HTTP/1.1-8080]]
	at org.apache.catalina.util.LifecycleBase.start(LifecycleBase.java:167)
	at org.apache.catalina.core.StandardService.addConnector(StandardService.java:225)
	at org.springframework.boot.context.embedded.tomcat.TomcatEmbeddedServletContainer.addPreviouslyRemovedConnectors(TomcatEmbeddedServletContainer.java:233)
	at org.springframework.boot.context.embedded.tomcat.TomcatEmbeddedServletContainer.start(TomcatEmbeddedServletContainer.java:178)
	at org.springframework.boot.context.embedded.EmbeddedWebApplicationContext.startEmbeddedServletContainer(EmbeddedWebApplicationContext.java:297)
	at org.springframework.boot.context.embedded.EmbeddedWebApplicationContext.finishRefresh(EmbeddedWebApplicationContext.java:145)
	at org.springframework.context.support.AbstractApplicationContext.refresh(AbstractApplicationContext.java:545)
	at org.springframework.boot.context.embedded.EmbeddedWebApplicationContext.refresh(EmbeddedWebApplicationContext.java:122)
	at org.springframework.boot.SpringApplication.refresh(SpringApplication.java:761)
	at org.springframework.boot.SpringApplication.refreshContext(SpringApplication.java:371)
	at org.springframework.boot.SpringApplication.run(SpringApplication.java:315)
	at org.springframework.boot.SpringApplication.run(SpringApplication.java:1186)
	at org.springframework.boot.SpringApplication.run(SpringApplication.java:1175)
	at com.example.SpringBootRedisApplication.main(SpringBootRedisApplication.java:34)
Caused by: org.apache.catalina.LifecycleException: service.getName(): "Tomcat";  Protocol handler start failed
	at org.apache.catalina.connector.Connector.startInternal(Connector.java:976)
	at org.apache.catalina.util.LifecycleBase.start(LifecycleBase.java:150)
	... 13 common frames omitted
Caused by: java.net.BindException: Address already in use: bind
	at sun.nio.ch.Net.bind0(Native Method)
	at sun.nio.ch.Net.bind(Net.java:433)
	at sun.nio.ch.Net.bind(Net.java:425)
	at sun.nio.ch.ServerSocketChannelImpl.bind(ServerSocketChannelImpl.java:223)
	at sun.nio.ch.ServerSocketAdaptor.bind(ServerSocketAdaptor.java:74)
	at org.apache.tomcat.util.net.NioEndpoint.bind(NioEndpoint.java:228)
	at org.apache.tomcat.util.net.AbstractEndpoint.start(AbstractEndpoint.java:874)
	at org.apache.coyote.AbstractProtocol.start(AbstractProtocol.java:590)
	at org.apache.catalina.connector.Connector.startInternal(Connector.java:969)
	... 14 common frames omitted
2017-01-01 17:12:58,789 INFO [main] o.a.c.c.StandardService [DirectJDKLog.java:179] Stopping service Tomcat
2017-01-01 17:12:58,818 INFO [main] o.s.b.a.l.AutoConfigurationReportLoggingInitializer [AutoConfigurationReportLoggingInitializer.java:101] 

Error starting ApplicationContext. To display the auto-configuration report re-run your application with 'debug' enabled.
2017-01-01 17:12:58,837 ERROR [main] o.s.b.d.LoggingFailureAnalysisReporter [LoggingFailureAnalysisReporter.java:42] 

***************************
APPLICATION FAILED TO START
***************************

Description:

The Tomcat connector configured to listen on port 8080 failed to start. The port may already be in use or the connector may be misconfigured.

Action:

Verify the connector's configuration, identify and stop any process that's listening on port 8080, or configure this application to listen on another port.

2017-01-01 17:12:58,841 INFO [main] o.s.b.c.e.AnnotationConfigEmbeddedWebApplicationContext [AbstractApplicationContext.java:987] Closing org.springframework.boot.context.embedded.AnnotationConfigEmbeddedWebApplicationContext@38afe297: startup date [Sun Jan 01 17:12:44 CST 2017]; root of context hierarchy
2017-01-01 17:12:58,855 INFO [main] o.s.j.e.a.AnnotationMBeanExporter [MBeanExporter.java:449] Unregistering JMX-exposed beans on shutdown
2017-01-01 17:12:58,858 INFO [main] o.s.o.j.LocalContainerEntityManagerFactoryBean [AbstractEntityManagerFactoryBean.java:551] Closing JPA EntityManagerFactory for persistence unit 'default'
2017-01-01 17:12:58,860 INFO [main] o.h.t.h.SchemaExport [SchemaExport.java:400] HHH000227: Running hbm2ddl schema export
2017-01-01 17:12:58,882 INFO [main] o.h.t.h.SchemaExport [SchemaExport.java:464] HHH000230: Schema export complete
2017-01-01 17:14:05,605 DEBUG [ContainerBackgroundProcessor[StandardEngine[Tomcat]]] o.a.c.s.ManagerBase [DirectJDKLog.java:179] Start expire sessions StandardManager at 1483262045605 sessioncount 0
2017-01-01 17:14:05,608 DEBUG [ContainerBackgroundProcessor[StandardEngine[Tomcat]]] o.a.c.s.ManagerBase [DirectJDKLog.java:179] End expire sessions StandardManager processingTime 3 expired sessions: 0
2017-01-01 17:14:52,530 INFO [main] c.e.SpringBootRedisApplication [StartupInfoLogger.java:48] Starting SpringBootRedisApplication on HS-PC with PID 21732 (C:\Users\HS\Documents\workspace-sts-3.7.3.RELEASE\spring-boot\spring-boot-redis\target\classes started by HS in C:\Users\HS\Documents\workspace-sts-3.7.3.RELEASE\spring-boot\spring-boot-redis)
2017-01-01 17:14:52,541 DEBUG [main] c.e.SpringBootRedisApplication [StartupInfoLogger.java:51] Running with Spring Boot v1.4.3.RELEASE, Spring v4.3.5.RELEASE
2017-01-01 17:14:52,542 INFO [main] c.e.SpringBootRedisApplication [SpringApplication.java:661] No active profile set, falling back to default profiles: default
2017-01-01 17:14:52,805 INFO [main] o.s.b.c.e.AnnotationConfigEmbeddedWebApplicationContext [AbstractApplicationContext.java:582] Refreshing org.springframework.boot.context.embedded.AnnotationConfigEmbeddedWebApplicationContext@38afe297: startup date [Sun Jan 01 17:14:52 CST 2017]; root of context hierarchy
2017-01-01 17:14:56,267 INFO [main] o.s.d.r.c.RepositoryConfigurationDelegate [RepositoryConfigurationDelegate.java:170] Multiple Spring Data modules found, entering strict repository configuration mode!
2017-01-01 17:14:56,485 INFO [main] o.s.d.r.c.RepositoryConfigurationDelegate [RepositoryConfigurationDelegate.java:170] Multiple Spring Data modules found, entering strict repository configuration mode!
2017-01-01 17:14:56,542 INFO [main] o.s.d.r.c.RepositoryConfigurationExtensionSupport [RepositoryConfigurationExtensionSupport.java:283] Spring Data Redis - Could not safely identify store assignment for repository candidate interface com.example.repository.BookRepository.
2017-01-01 17:14:57,608 INFO [main] o.s.c.s.PostProcessorRegistrationDelegate$BeanPostProcessorChecker [PostProcessorRegistrationDelegate.java:325] Bean 'org.springframework.cache.annotation.ProxyCachingConfiguration' of type [class org.springframework.cache.annotation.ProxyCachingConfiguration$$EnhancerBySpringCGLIB$$6bec70d6] is not eligible for getting processed by all BeanPostProcessors (for example: not eligible for auto-proxying)
2017-01-01 17:14:57,705 INFO [main] o.s.c.s.PostProcessorRegistrationDelegate$BeanPostProcessorChecker [PostProcessorRegistrationDelegate.java:325] Bean 'org.springframework.transaction.annotation.ProxyTransactionManagementConfiguration' of type [class org.springframework.transaction.annotation.ProxyTransactionManagementConfiguration$$EnhancerBySpringCGLIB$$22da3ab8] is not eligible for getting processed by all BeanPostProcessors (for example: not eligible for auto-proxying)
2017-01-01 17:14:58,812 INFO [main] o.s.b.c.e.t.TomcatEmbeddedServletContainer [TomcatEmbeddedServletContainer.java:87] Tomcat initialized with port(s): 8080 (http)
2017-01-01 17:14:58,834 INFO [main] o.a.c.c.StandardService [DirectJDKLog.java:179] Starting service Tomcat
2017-01-01 17:14:58,837 INFO [main] o.a.c.c.StandardEngine [DirectJDKLog.java:179] Starting Servlet Engine: Apache Tomcat/8.5.6
2017-01-01 17:14:59,142 INFO [localhost-startStop-1] o.a.c.c.C.[.[.[/] [DirectJDKLog.java:179] Initializing Spring embedded WebApplicationContext
2017-01-01 17:14:59,144 INFO [localhost-startStop-1] o.s.w.c.ContextLoader [EmbeddedWebApplicationContext.java:276] Root WebApplicationContext: initialization completed in 6356 ms
2017-01-01 17:14:59,601 INFO [localhost-startStop-1] o.s.b.w.s.ServletRegistrationBean [ServletRegistrationBean.java:190] Mapping servlet: 'dispatcherServlet' to [/]
2017-01-01 17:14:59,615 INFO [localhost-startStop-1] o.s.b.w.s.FilterRegistrationBean [AbstractFilterRegistrationBean.java:258] Mapping filter: 'characterEncodingFilter' to: [/*]
2017-01-01 17:14:59,617 INFO [localhost-startStop-1] o.s.b.w.s.FilterRegistrationBean [AbstractFilterRegistrationBean.java:258] Mapping filter: 'hiddenHttpMethodFilter' to: [/*]
2017-01-01 17:14:59,619 INFO [localhost-startStop-1] o.s.b.w.s.FilterRegistrationBean [AbstractFilterRegistrationBean.java:258] Mapping filter: 'httpPutFormContentFilter' to: [/*]
2017-01-01 17:14:59,620 INFO [localhost-startStop-1] o.s.b.w.s.FilterRegistrationBean [AbstractFilterRegistrationBean.java:258] Mapping filter: 'requestContextFilter' to: [/*]
2017-01-01 17:15:00,674 INFO [main] o.s.o.j.LocalContainerEntityManagerFactoryBean [LocalContainerEntityManagerFactoryBean.java:349] Building JPA container EntityManagerFactory for persistence unit 'default'
2017-01-01 17:15:00,714 INFO [main] o.h.j.i.u.LogHelper [LogHelper.java:31] HHH000204: Processing PersistenceUnitInfo [
	name: default
	...]
2017-01-01 17:15:01,137 INFO [main] o.h.Version [Version.java:37] HHH000412: Hibernate Core {5.0.11.Final}
2017-01-01 17:15:01,141 INFO [main] o.h.c.Environment [Environment.java:213] HHH000206: hibernate.properties not found
2017-01-01 17:15:01,145 INFO [main] o.h.c.Environment [Environment.java:317] HHH000021: Bytecode provider name : javassist
2017-01-01 17:15:01,243 INFO [main] o.h.a.c.Version [JavaReflectionManager.java:66] HCANN000001: Hibernate Commons Annotations {5.0.1.Final}
2017-01-01 17:15:01,582 INFO [main] o.h.d.Dialect [Dialect.java:156] HHH000400: Using dialect: org.hibernate.dialect.H2Dialect
2017-01-01 17:15:02,989 INFO [main] o.h.t.h.SchemaExport [SchemaExport.java:400] HHH000227: Running hbm2ddl schema export
2017-01-01 17:15:03,032 INFO [main] o.h.t.h.SchemaExport [SchemaExport.java:464] HHH000230: Schema export complete
2017-01-01 17:15:03,205 INFO [main] o.s.o.j.LocalContainerEntityManagerFactoryBean [AbstractEntityManagerFactoryBean.java:382] Initialized JPA EntityManagerFactory for persistence unit 'default'
2017-01-01 17:15:05,086 INFO [main] o.s.w.s.m.m.a.RequestMappingHandlerAdapter [RequestMappingHandlerAdapter.java:534] Looking for @ControllerAdvice: org.springframework.boot.context.embedded.AnnotationConfigEmbeddedWebApplicationContext@38afe297: startup date [Sun Jan 01 17:14:52 CST 2017]; root of context hierarchy
2017-01-01 17:15:05,299 INFO [main] o.s.w.s.m.m.a.RequestMappingHandlerMapping [AbstractHandlerMethodMapping.java:543] Mapped "{[/book/cache/clear],methods=[POST]}" onto public org.springframework.http.ResponseEntity<java.lang.String> com.example.controller.BookRestController.clearCache()
2017-01-01 17:15:05,303 INFO [main] o.s.w.s.m.m.a.RequestMappingHandlerMapping [AbstractHandlerMethodMapping.java:543] Mapped "{[/book],methods=[GET]}" onto public org.springframework.http.ResponseEntity<java.util.List<com.example.domain.Book>> com.example.controller.BookRestController.findAll()
2017-01-01 17:15:05,305 INFO [main] o.s.w.s.m.m.a.RequestMappingHandlerMapping [AbstractHandlerMethodMapping.java:543] Mapped "{[/book],methods=[POST]}" onto public org.springframework.http.ResponseEntity<com.example.domain.Book> com.example.controller.BookRestController.addBook(com.example.domain.Book)
2017-01-01 17:15:05,307 INFO [main] o.s.w.s.m.m.a.RequestMappingHandlerMapping [AbstractHandlerMethodMapping.java:543] Mapped "{[/book/{author}],methods=[POST]}" onto public org.springframework.http.ResponseEntity<java.util.List<com.example.domain.Book>> com.example.controller.BookRestController.findBookByAuthor(java.lang.String)
2017-01-01 17:15:05,312 INFO [main] o.s.w.s.m.m.a.RequestMappingHandlerMapping [AbstractHandlerMethodMapping.java:543] Mapped "{[/error]}" onto public org.springframework.http.ResponseEntity<java.util.Map<java.lang.String, java.lang.Object>> org.springframework.boot.autoconfigure.web.BasicErrorController.error(javax.servlet.http.HttpServletRequest)
2017-01-01 17:15:05,313 INFO [main] o.s.w.s.m.m.a.RequestMappingHandlerMapping [AbstractHandlerMethodMapping.java:543] Mapped "{[/error],produces=[text/html]}" onto public org.springframework.web.servlet.ModelAndView org.springframework.boot.autoconfigure.web.BasicErrorController.errorHtml(javax.servlet.http.HttpServletRequest,javax.servlet.http.HttpServletResponse)
2017-01-01 17:15:05,390 INFO [main] o.s.w.s.h.SimpleUrlHandlerMapping [AbstractUrlHandlerMapping.java:354] Mapped URL path [/webjars/**] onto handler of type [class org.springframework.web.servlet.resource.ResourceHttpRequestHandler]
2017-01-01 17:15:05,391 INFO [main] o.s.w.s.h.SimpleUrlHandlerMapping [AbstractUrlHandlerMapping.java:354] Mapped URL path [/**] onto handler of type [class org.springframework.web.servlet.resource.ResourceHttpRequestHandler]
2017-01-01 17:15:05,532 INFO [main] o.s.w.s.h.SimpleUrlHandlerMapping [AbstractUrlHandlerMapping.java:354] Mapped URL path [/**/favicon.ico] onto handler of type [class org.springframework.web.servlet.resource.ResourceHttpRequestHandler]
2017-01-01 17:15:06,305 INFO [main] o.s.j.e.a.AnnotationMBeanExporter [MBeanExporter.java:431] Registering beans for JMX exposure on startup
2017-01-01 17:15:06,429 INFO [main] o.s.b.c.e.t.TomcatEmbeddedServletContainer [TomcatEmbeddedServletContainer.java:185] Tomcat started on port(s): 8080 (http)
2017-01-01 17:15:06,817 INFO [main] c.e.s.BookServiceImpl [BookServiceImpl.java:30] #Cache missing for Kevin Henkes ,  fetch from DB
2017-01-01 17:15:06,849 INFO [main] o.h.h.i.QueryTranslatorFactoryInitiator [QueryTranslatorFactoryInitiator.java:47] HHH000397: Using ASTQueryTranslatorFactory
2017-01-01 17:15:07,227 INFO [main] c.e.SpringBootRedisApplication [SpringBootRedisApplication.java:52] #Book written by Kevin Henkes [Book [id=1, name=Waiting, author=Kevin Henkes]]
2017-01-01 17:15:07,262 INFO [main] c.e.SpringBootRedisApplication [SpringBootRedisApplication.java:55] #Deleting book Kevin Henkes
2017-01-01 17:15:07,271 INFO [main] c.e.s.BookServiceImpl [BookServiceImpl.java:51] #Cache missing, fetch from DB
2017-01-01 17:15:07,305 INFO [main] c.e.SpringBootRedisApplication [SpringBootRedisApplication.java:65] #Fetching book id 9999 Book [id=9999, name=Waiting, author=Kevin Henkes]
2017-01-01 17:15:07,309 INFO [main] c.e.SpringBootRedisApplication [StartupInfoLogger.java:57] Started SpringBootRedisApplication in 16.647 seconds (JVM running for 19.912)
